+180.0000 
+5.0000 
+0.0000 
+2.5000 
+45.0000 
+7.0711 
+2.5000 
+2.5000 
+0.0000 
+5.0000 
+2.5000 
+2.5000 
+0.0000 
+5.0000 
+5.0000 
+2.5000 
+90.0000 
+5.0000 
+2.5000 
+2.5000 
+315.0000 
+3.5355 
+1.2500 
+1.2500 
+5.0000 
+0.0000 
+5.0000 
+0.0000 
+5.0000 
+2.5000 
+5.5902 
+333.4349 
+5.0000 
+0.0000 
+5.0000 
+0.0000 
+225.0000 
+3.5355 
+11.2500 
+3.7500 
+45.0000 
+3.5355 
+13.7500 
+1.2500 
+270.0000 
+7.5000 
+8.7500 
+2.5000 
+0.0000 
+2.5000 
+12.5000 
+3.7500 
+7.5000 
+0.0000 
+7.5000 
+180.0000 
+10.0000 
+2.5000 
+10.3078 
+194.0362 
+108.4349 
+7.9057 
+16.2500 
+3.7500 
+7.5000 
+2.5000 
+7.9057 
+198.4349 
+135.0000 
+7.0711 
+17.5000 
+2.5000 
+270.0000 
+15.0000 
+12.5000 
+5.0000 
+108.4349 
+7.9057 
+16.2500 
+3.7500 
+282.5288 
+11.5244 
+14.3750 
+3.7500 
+135.0000 
+4.2426 
+33.5000 
+3.5000 
+135.0000 
+2.1213 
+32.7500 
+2.7500 
+270.0000 
+2.0000 
+31.0000 
+2.0000 
+0.5000 
+2.0000 
+2.0616 
+104.0362 
+3.0000 
+3.0000 
+4.2426 
+45.0000 
+90.0000 
+5.0000 
+37.5000 
+5.0000 
+45.0000 
+40.0000 
+0.0000 
+75.9638 
+8.2462 
+36.0000 
+1.0000 
+270.0000 
+10.0000 
+35.0000 
+0.0000 
+84.8056 
+27.6134 
+26.2500 
+1.2500 
+266.1859 
+37.5832 
+21.2500 
+1.2500 
+84.8056 
+27.6134 
+26.2500 
+1.2500 
+75.9638 
+20.6155 
+30.0000 
+2.5000 
+90.0000 
+2.5000 
+51.2500 
+2.5000 
+45.0000 
+3.5355 
+51.2500 
+3.7500 
+8.0000 
+2.0000 
+8.2462 
+165.9638 
+20.0000 
+5.0000 
+20.6155 
+165.9638 
+37.5000 
+5.0000 
+37.8319 
+172.4054 
+45.0000 
+6.1872 
+49.0625 
+4.6875 
+91.5911 
+18.0069 
+41.0000 
+2.2500 
+90.0000 
+37.5000 
+31.2500 
+2.5000 
+0.0000 
+2.5000 
+50.0000 
+3.7500 
+10.0000 
+2.5000 
+10.3078 
+194.0362 
+18.0000 
+0.5000 
+18.0069 
+181.5911 
+30.0000 
+2.5000 
+30.1040 
+355.2364 
+260.5377 
+30.4138 
+35.0000 
+2.5000 
+90.0000 
+55.0000 
+0.0000 
+270.0000 
+15.0000 
+47.5000 
+0.0000 
+90.0000 
+10.0000 
+17.5000 
+2.5000 
+90.0000 
+10.0000 
+17.5000 
+2.5000 
